c:\users\james\onedrive\documents\university\year 2\gameengine\design-and-implement-3d-game-level-scene-using-opengl-api-jamesb0010\engine\x64\debug\engine.pdb
c:\users\james\onedrive\documents\university\year 2\gameengine\design-and-implement-3d-game-level-scene-using-opengl-api-jamesb0010\engine\x64\debug\engine.idb
c:\users\james\onedrive\documents\university\year 2\gameengine\design-and-implement-3d-game-level-scene-using-opengl-api-jamesb0010\engine\x64\debug\lvlfileformatter.obj
c:\users\james\onedrive\documents\university\year 2\gameengine\design-and-implement-3d-game-level-scene-using-opengl-api-jamesb0010\engine\x64\debug\jettengineprojectfunctions.obj
c:\users\james\onedrive\documents\university\year 2\gameengine\design-and-implement-3d-game-level-scene-using-opengl-api-jamesb0010\engine\x64\debug\gameengine.obj
c:\users\james\onedrive\documents\university\year 2\gameengine\design-and-implement-3d-game-level-scene-using-opengl-api-jamesb0010\engine\x64\debug\gameengineinithelper.obj
c:\users\james\onedrive\documents\university\year 2\gameengine\design-and-implement-3d-game-level-scene-using-opengl-api-jamesb0010\engine\x64\debug\fpscounter.obj
c:\users\james\onedrive\documents\university\year 2\gameengine\design-and-implement-3d-game-level-scene-using-opengl-api-jamesb0010\engine\x64\debug\gameenginefactory.obj
c:\users\james\onedrive\documents\university\year 2\gameengine\design-and-implement-3d-game-level-scene-using-opengl-api-jamesb0010\engine\x64\debug\fpscameracontroller.obj
c:\users\james\onedrive\documents\university\year 2\gameengine\design-and-implement-3d-game-level-scene-using-opengl-api-jamesb0010\engine\x64\debug\globallerpprocessor.obj
c:\users\james\onedrive\documents\university\year 2\gameengine\design-and-implement-3d-game-level-scene-using-opengl-api-jamesb0010\engine\x64\debug\lerppackage.obj
c:\users\james\onedrive\documents\university\year 2\gameengine\design-and-implement-3d-game-level-scene-using-opengl-api-jamesb0010\engine\x64\debug\lerppackageprocessor.obj
c:\users\james\onedrive\documents\university\year 2\gameengine\design-and-implement-3d-game-level-scene-using-opengl-api-jamesb0010\engine\x64\debug\gameobject.obj
c:\users\james\onedrive\documents\university\year 2\gameengine\design-and-implement-3d-game-level-scene-using-opengl-api-jamesb0010\engine\x64\debug\gamecomponent.obj
c:\users\james\onedrive\documents\university\year 2\gameengine\design-and-implement-3d-game-level-scene-using-opengl-api-jamesb0010\engine\x64\debug\lvlfilereader.obj
c:\users\james\onedrive\documents\university\year 2\gameengine\design-and-implement-3d-game-level-scene-using-opengl-api-jamesb0010\engine\x64\debug\usefulstructs.obj
c:\users\james\onedrive\documents\university\year 2\gameengine\design-and-implement-3d-game-level-scene-using-opengl-api-jamesb0010\engine\x64\debug\skyspherecomponent.obj
c:\users\james\onedrive\documents\university\year 2\gameengine\design-and-implement-3d-game-level-scene-using-opengl-api-jamesb0010\engine\x64\debug\oceanvisualmesh.obj
c:\users\james\onedrive\documents\university\year 2\gameengine\design-and-implement-3d-game-level-scene-using-opengl-api-jamesb0010\engine\x64\debug\instancedvisualmesh.obj
c:\users\james\onedrive\documents\university\year 2\gameengine\design-and-implement-3d-game-level-scene-using-opengl-api-jamesb0010\engine\x64\debug\ray.obj
c:\users\james\onedrive\documents\university\year 2\gameengine\design-and-implement-3d-game-level-scene-using-opengl-api-jamesb0010\engine\x64\debug\objectpicker.obj
c:\users\james\onedrive\documents\university\year 2\gameengine\design-and-implement-3d-game-level-scene-using-opengl-api-jamesb0010\engine\x64\debug\inputeventscallbackbinds.obj
c:\users\james\onedrive\documents\university\year 2\gameengine\design-and-implement-3d-game-level-scene-using-opengl-api-jamesb0010\engine\x64\debug\time.obj
c:\users\james\onedrive\documents\university\year 2\gameengine\design-and-implement-3d-game-level-scene-using-opengl-api-jamesb0010\engine\x64\debug\visualmesh.obj
c:\users\james\onedrive\documents\university\year 2\gameengine\design-and-implement-3d-game-level-scene-using-opengl-api-jamesb0010\engine\x64\debug\vector3lerppackage.obj
c:\users\james\onedrive\documents\university\year 2\gameengine\design-and-implement-3d-game-level-scene-using-opengl-api-jamesb0010\engine\x64\debug\objectdeleter.obj
c:\users\james\onedrive\documents\university\year 2\gameengine\design-and-implement-3d-game-level-scene-using-opengl-api-jamesb0010\engine\x64\debug\contentdrawer.obj
c:\users\james\onedrive\documents\university\year 2\gameengine\design-and-implement-3d-game-level-scene-using-opengl-api-jamesb0010\engine\x64\debug\floatlerppackage.obj
c:\users\james\onedrive\documents\university\year 2\gameengine\design-and-implement-3d-game-level-scene-using-opengl-api-jamesb0010\engine\x64\debug\particleemmitter.obj
c:\users\james\onedrive\documents\university\year 2\gameengine\design-and-implement-3d-game-level-scene-using-opengl-api-jamesb0010\engine\x64\debug\engine.lib
c:\users\james\onedrive\documents\university\year 2\gameengine\design-and-implement-3d-game-level-scene-using-opengl-api-jamesb0010\engine\x64\debug\postprocesscomponent.obj
c:\users\james\onedrive\documents\university\year 2\gameengine\design-and-implement-3d-game-level-scene-using-opengl-api-jamesb0010\engine\x64\debug\contentdrawer.obj.enc
c:\users\james\onedrive\documents\university\year 2\gameengine\design-and-implement-3d-game-level-scene-using-opengl-api-jamesb0010\engine\x64\debug\gameobject.obj.enc
c:\users\james\onedrive\documents\university\year 2\gameengine\design-and-implement-3d-game-level-scene-using-opengl-api-jamesb0010\engine\x64\debug\engine.vcxproj.filelistabsolute.txt
c:\users\james\onedrive\documents\university\year 2\gameengine\design-and-implement-3d-game-level-scene-using-opengl-api-jamesb0010\engine\x64\debug\engine.tlog\cl.command.1.tlog
c:\users\james\onedrive\documents\university\year 2\gameengine\design-and-implement-3d-game-level-scene-using-opengl-api-jamesb0010\engine\x64\debug\engine.tlog\cl.items.tlog
c:\users\james\onedrive\documents\university\year 2\gameengine\design-and-implement-3d-game-level-scene-using-opengl-api-jamesb0010\engine\x64\debug\engine.tlog\cl.read.1.tlog
c:\users\james\onedrive\documents\university\year 2\gameengine\design-and-implement-3d-game-level-scene-using-opengl-api-jamesb0010\engine\x64\debug\engine.tlog\cl.write.1.tlog
c:\users\james\onedrive\documents\university\year 2\gameengine\design-and-implement-3d-game-level-scene-using-opengl-api-jamesb0010\engine\x64\debug\engine.tlog\lib-link.read.1.tlog
c:\users\james\onedrive\documents\university\year 2\gameengine\design-and-implement-3d-game-level-scene-using-opengl-api-jamesb0010\engine\x64\debug\engine.tlog\lib-link.write.1.tlog
c:\users\james\onedrive\documents\university\year 2\gameengine\design-and-implement-3d-game-level-scene-using-opengl-api-jamesb0010\engine\x64\debug\engine.tlog\lib.command.1.tlog
