c:\users\james\onedrive\documents\university\year 2\gameengine\design-and-implement-3d-game-level-scene-using-opengl-api-jamesb0010\kerosene renderer\x64\debug\kerosene renderer.pdb
c:\users\james\onedrive\documents\university\year 2\gameengine\design-and-implement-3d-game-level-scene-using-opengl-api-jamesb0010\kerosene renderer\x64\debug\kerosene renderer.idb
c:\users\james\onedrive\documents\university\year 2\gameengine\design-and-implement-3d-game-level-scene-using-opengl-api-jamesb0010\kerosene renderer\x64\debug\texture.obj
c:\users\james\onedrive\documents\university\year 2\gameengine\design-and-implement-3d-game-level-scene-using-opengl-api-jamesb0010\kerosene renderer\x64\debug\trianglerenderer.obj
c:\users\james\onedrive\documents\university\year 2\gameengine\design-and-implement-3d-game-level-scene-using-opengl-api-jamesb0010\kerosene renderer\x64\debug\terrain.obj
c:\users\james\onedrive\documents\university\year 2\gameengine\design-and-implement-3d-game-level-scene-using-opengl-api-jamesb0010\kerosene renderer\x64\debug\skyboxrenderer.obj
c:\users\james\onedrive\documents\university\year 2\gameengine\design-and-implement-3d-game-level-scene-using-opengl-api-jamesb0010\kerosene renderer\x64\debug\shaderutils.obj
c:\users\james\onedrive\documents\university\year 2\gameengine\design-and-implement-3d-game-level-scene-using-opengl-api-jamesb0010\kerosene renderer\x64\debug\renderer.obj
c:\users\james\onedrive\documents\university\year 2\gameengine\design-and-implement-3d-game-level-scene-using-opengl-api-jamesb0010\kerosene renderer\x64\debug\camera.obj
c:\users\james\onedrive\documents\university\year 2\gameengine\design-and-implement-3d-game-level-scene-using-opengl-api-jamesb0010\kerosene renderer\x64\debug\model.obj
c:\users\james\onedrive\documents\university\year 2\gameengine\design-and-implement-3d-game-level-scene-using-opengl-api-jamesb0010\kerosene renderer\x64\debug\modelrenderer.obj
c:\users\james\onedrive\documents\university\year 2\gameengine\design-and-implement-3d-game-level-scene-using-opengl-api-jamesb0010\kerosene renderer\x64\debug\cubevertex.obj
c:\users\james\onedrive\documents\university\year 2\gameengine\design-and-implement-3d-game-level-scene-using-opengl-api-jamesb0010\kerosene renderer\x64\debug\skydome.obj
c:\users\james\onedrive\documents\university\year 2\gameengine\design-and-implement-3d-game-level-scene-using-opengl-api-jamesb0010\kerosene renderer\x64\debug\oceanmodelrenderer.obj
c:\users\james\onedrive\documents\university\year 2\gameengine\design-and-implement-3d-game-level-scene-using-opengl-api-jamesb0010\kerosene renderer\x64\debug\ocean.obj
c:\users\james\onedrive\documents\university\year 2\gameengine\design-and-implement-3d-game-level-scene-using-opengl-api-jamesb0010\kerosene renderer\x64\debug\instancedmodelrenderer.obj
c:\users\james\onedrive\documents\university\year 2\gameengine\design-and-implement-3d-game-level-scene-using-opengl-api-jamesb0010\kerosene renderer\x64\debug\instancedmodel.obj
c:\users\james\onedrive\documents\university\year 2\gameengine\design-and-implement-3d-game-level-scene-using-opengl-api-jamesb0010\kerosene renderer\x64\debug\fontrenderer.obj
c:\users\james\onedrive\documents\university\year 2\gameengine\design-and-implement-3d-game-level-scene-using-opengl-api-jamesb0010\kerosene renderer\x64\debug\guitext.obj
c:\users\james\onedrive\documents\university\year 2\gameengine\design-and-implement-3d-game-level-scene-using-opengl-api-jamesb0010\kerosene renderer\x64\debug\guirenderer.obj
c:\users\james\onedrive\documents\university\year 2\gameengine\design-and-implement-3d-game-level-scene-using-opengl-api-jamesb0010\kerosene renderer\x64\debug\guiimage.obj
c:\users\james\onedrive\documents\university\year 2\gameengine\design-and-implement-3d-game-level-scene-using-opengl-api-jamesb0010\kerosene renderer\x64\debug\meshboundingbox.obj
c:\users\james\onedrive\documents\university\year 2\gameengine\design-and-implement-3d-game-level-scene-using-opengl-api-jamesb0010\kerosene renderer\x64\debug\framebuffer.obj
c:\users\james\onedrive\documents\university\year 2\gameengine\design-and-implement-3d-game-level-scene-using-opengl-api-jamesb0010\kerosene renderer\x64\debug\postprocessgrey.obj
c:\users\james\onedrive\documents\university\year 2\gameengine\design-and-implement-3d-game-level-scene-using-opengl-api-jamesb0010\kerosene renderer\x64\debug\kerosene renderer.lib
c:\users\james\onedrive\documents\university\year 2\gameengine\design-and-implement-3d-game-level-scene-using-opengl-api-jamesb0010\kerosene renderer\x64\debug\postprocessor.obj
c:\users\james\onedrive\documents\university\year 2\gameengine\design-and-implement-3d-game-level-scene-using-opengl-api-jamesb0010\kerosene renderer\x64\debug\kerosene.c95a4b7b.tlog\cl.command.1.tlog
c:\users\james\onedrive\documents\university\year 2\gameengine\design-and-implement-3d-game-level-scene-using-opengl-api-jamesb0010\kerosene renderer\x64\debug\kerosene.c95a4b7b.tlog\cl.items.tlog
c:\users\james\onedrive\documents\university\year 2\gameengine\design-and-implement-3d-game-level-scene-using-opengl-api-jamesb0010\kerosene renderer\x64\debug\kerosene.c95a4b7b.tlog\cl.read.1.tlog
c:\users\james\onedrive\documents\university\year 2\gameengine\design-and-implement-3d-game-level-scene-using-opengl-api-jamesb0010\kerosene renderer\x64\debug\kerosene.c95a4b7b.tlog\cl.write.1.tlog
c:\users\james\onedrive\documents\university\year 2\gameengine\design-and-implement-3d-game-level-scene-using-opengl-api-jamesb0010\kerosene renderer\x64\debug\kerosene.c95a4b7b.tlog\lib-link.read.1.tlog
c:\users\james\onedrive\documents\university\year 2\gameengine\design-and-implement-3d-game-level-scene-using-opengl-api-jamesb0010\kerosene renderer\x64\debug\kerosene.c95a4b7b.tlog\lib-link.write.1.tlog
c:\users\james\onedrive\documents\university\year 2\gameengine\design-and-implement-3d-game-level-scene-using-opengl-api-jamesb0010\kerosene renderer\x64\debug\kerosene.c95a4b7b.tlog\lib.command.1.tlog
